<?xml version="1.0" encoding="UTF-8"?>
<!-- Generated by org.testng.reporters.JUnitReportReporter -->
<testsuite skipped="0" hostname="DESKTOP-BLFMB6T" name="JenkinsJob2.TestingMaven" tests="1" failures="0" timestamp="18 Dec 2019 08:26:38 GMT" time="8.872" errors="0">
  <testcase name="BrowserAutomation1" time="8.872" classname="JenkinsJob2.TestingMaven"/>
</testsuite> <!-- JenkinsJob2.TestingMaven -->
