<?xml version="1.0" encoding="UTF-8"?>
<!-- Generated by org.testng.reporters.JUnitReportReporter -->
<testsuite skipped="0" hostname="DESKTOP-BLFMB6T" name="JenkinsJob2.BrowserAutomation" tests="1" failures="0" timestamp="18 Dec 2019 08:18:28 GMT" time="11.624" errors="0">
  <testcase name="BrowserAutomationTest" time="11.624" classname="JenkinsJob2.BrowserAutomation"/>
</testsuite> <!-- JenkinsJob2.BrowserAutomation -->
